c:\users\alex\documents\university\graphic shaders\dx\dx\dx\debug\vc120.pdb
c:\users\alex\documents\university\graphic shaders\dx\dx\dx\debug\vc120.idb
c:\users\alex\documents\university\graphic shaders\dx\dx\dx\debug\lightshaderp.obj
c:\users\alex\documents\university\graphic shaders\dx\dx\dx\debug\lightshaders.obj
c:\users\alex\documents\university\graphic shaders\dx\dx\dx\debug\main.obj
c:\users\alex\documents\university\graphic shaders\dx\dx\dx\debug\model.obj
c:\users\alex\documents\university\graphic shaders\dx\dx\dx\debug\orthomesh.obj
c:\users\alex\documents\university\graphic shaders\dx\dx\dx\debug\planemesh.obj
c:\users\alex\documents\university\graphic shaders\dx\dx\dx\debug\pointmesh.obj
c:\users\alex\documents\university\graphic shaders\dx\dx\dx\debug\quadmesh.obj
c:\users\alex\documents\university\graphic shaders\dx\dx\dx\debug\rendertexture.obj
c:\users\alex\documents\university\graphic shaders\dx\dx\dx\debug\spheremesh.obj
c:\users\alex\documents\university\graphic shaders\dx\dx\dx\debug\system.obj
c:\users\alex\documents\university\graphic shaders\dx\dx\dx\debug\tessellationmesh.obj
c:\users\alex\documents\university\graphic shaders\dx\dx\dx\debug\tessellationshader.obj
c:\users\alex\documents\university\graphic shaders\dx\dx\dx\debug\texture.obj
c:\users\alex\documents\university\graphic shaders\dx\dx\dx\debug\textureshader.obj
c:\users\alex\documents\university\graphic shaders\dx\dx\dx\debug\timer.obj
c:\users\alex\documents\university\graphic shaders\dx\dx\dx\debug\tokenstream.obj
c:\users\alex\documents\university\graphic shaders\dx\dx\dx\debug\trianglemesh.obj
c:\users\alex\documents\university\graphic shaders\dx\dx\dx\debug\vertexmanshader.obj
c:\users\alex\documents\university\graphic shaders\dx\dx\dx\debug\verticalblurshader.obj
c:\users\alex\documents\university\graphic shaders\dx\dx\dx\debug\basemesh.obj
c:\users\alex\documents\university\graphic shaders\dx\dx\dx\debug\baseshader.obj
c:\users\alex\documents\university\graphic shaders\dx\dx\dx\debug\boxblurshader.obj
c:\users\alex\documents\university\graphic shaders\dx\dx\dx\debug\camera.obj
c:\users\alex\documents\university\graphic shaders\dx\dx\dx\debug\colourshader.obj
c:\users\alex\documents\university\graphic shaders\dx\dx\dx\debug\cubemesh.obj
c:\users\alex\documents\university\graphic shaders\dx\dx\dx\debug\d3d.obj
c:\users\alex\documents\university\graphic shaders\dx\dx\dx\debug\horizontalblurshader.obj
c:\users\alex\documents\university\graphic shaders\dx\dx\dx\debug\input.obj
c:\users\alex\documents\university\graphic shaders\dx\dx\dx\debug\lab1.obj
c:\users\alex\documents\university\graphic shaders\dx\dx\dx\debug\lab2.obj
c:\users\alex\documents\university\graphic shaders\dx\dx\dx\debug\lab3.obj
c:\users\alex\documents\university\graphic shaders\dx\dx\dx\debug\lab3s.obj
c:\users\alex\documents\university\graphic shaders\dx\dx\dx\debug\lab4.obj
c:\users\alex\documents\university\graphic shaders\dx\dx\dx\debug\lab5.obj
c:\users\alex\documents\university\graphic shaders\dx\dx\dx\debug\lab6.obj
c:\users\alex\documents\university\graphic shaders\dx\dx\dx\debug\lab8.obj
c:\users\alex\documents\university\graphic shaders\dx\dx\dx\debug\lab9.obj
c:\users\alex\documents\university\graphic shaders\dx\dx\dx\debug\light.obj
c:\users\alex\documents\university\graphic shaders\dx\dx\dx\debug\lightshader.obj
c:\users\alex\documents\university\graphic shaders\dx\dx\dx\debug\baseapplication.obj
c:\users\alex\documents\university\graphic shaders\dx\dx\dx\debug\coursework.obj
c:\users\alex\documents\university\graphic shaders\dx\dx\dx\debug\courseworkshader.obj
c:\users\alex\documents\university\graphic shaders\dx\dx\debug\boxblur_ps.cso
c:\users\alex\documents\university\graphic shaders\dx\dx\debug\boxblur_vs.cso
c:\users\alex\documents\university\graphic shaders\dx\dx\debug\horizontalblur_ps.cso
c:\users\alex\documents\university\graphic shaders\dx\dx\debug\horizontalblur_vs.cso
c:\users\alex\documents\university\graphic shaders\dx\dx\debug\lightp_ps.cso
c:\users\alex\documents\university\graphic shaders\dx\dx\debug\lightp_vs.cso
c:\users\alex\documents\university\graphic shaders\dx\dx\debug\lights_ps.cso
c:\users\alex\documents\university\graphic shaders\dx\dx\debug\lights_vs.cso
c:\users\alex\documents\university\graphic shaders\dx\dx\debug\light_ps.cso
c:\users\alex\documents\university\graphic shaders\dx\dx\debug\light_vs.cso
c:\users\alex\documents\university\graphic shaders\dx\dx\debug\manipulation_ps.cso
c:\users\alex\documents\university\graphic shaders\dx\dx\debug\manipulation_vs.cso
c:\users\alex\documents\university\graphic shaders\dx\dx\debug\tessellation_ds.cso
c:\users\alex\documents\university\graphic shaders\dx\dx\debug\tessellation_vs.cso
c:\users\alex\documents\university\graphic shaders\dx\dx\debug\texture_ps.cso
c:\users\alex\documents\university\graphic shaders\dx\dx\debug\texture_vs.cso
c:\users\alex\documents\university\graphic shaders\dx\dx\debug\verticalblur_ps.cso
c:\users\alex\documents\university\graphic shaders\dx\dx\debug\verticalblur_vs.cso
c:\users\alex\documents\university\graphic shaders\dx\dx\debug\tessellation_hs.cso
c:\users\alex\documents\university\graphic shaders\dx\dx\debug\tessellation_ps.cso
c:\users\alex\documents\university\graphic shaders\dx\dx\debug\coursework_hs.cso
c:\users\alex\documents\university\graphic shaders\dx\dx\debug\coursework_vs.cso
c:\users\alex\documents\university\graphic shaders\dx\dx\debug\coursework_ds.cso
c:\users\alex\documents\university\graphic shaders\dx\dx\debug\coursework_ps.cso
c:\users\alex\documents\university\graphic shaders\dx\dx\debug\dx.ilk
c:\users\alex\documents\university\graphic shaders\dx\dx\debug\dx.exe
c:\users\alex\documents\university\graphic shaders\dx\dx\debug\dx.pdb
c:\users\alex\documents\university\graphic shaders\dx\dx\dx\debug\dx.tlog\cl.command.1.tlog
c:\users\alex\documents\university\graphic shaders\dx\dx\dx\debug\dx.tlog\cl.read.1.tlog
c:\users\alex\documents\university\graphic shaders\dx\dx\dx\debug\dx.tlog\cl.write.1.tlog
c:\users\alex\documents\university\graphic shaders\dx\dx\dx\debug\dx.tlog\dx.write.1u.tlog
c:\users\alex\documents\university\graphic shaders\dx\dx\dx\debug\dx.tlog\fxc.command.1.tlog
c:\users\alex\documents\university\graphic shaders\dx\dx\dx\debug\dx.tlog\fxc.read.1.tlog
c:\users\alex\documents\university\graphic shaders\dx\dx\dx\debug\dx.tlog\fxc.write.1.tlog
c:\users\alex\documents\university\graphic shaders\dx\dx\dx\debug\dx.tlog\link.command.1.tlog
c:\users\alex\documents\university\graphic shaders\dx\dx\dx\debug\dx.tlog\link.read.1.tlog
c:\users\alex\documents\university\graphic shaders\dx\dx\dx\debug\dx.tlog\link.write.1.tlog
